This is pdfTeX, Version 3.141592653-2.6-1.40.27 (TeX Live 2025) (preloaded format=pdflatex 2025.4.19)  11 JUL 2025 16:00
entering extended mode
 restricted \write18 enabled.
 %&-line parsing enabled.
**main.tex
(./main.tex
LaTeX2e <2024-11-01> patch level 2
L3 programming layer <2025-03-26>
(c:/texlive/2025/texmf-dist/tex/latex/base/article.cls
Document Class: article 2024/06/29 v1.4n Standard LaTeX document class
(c:/texlive/2025/texmf-dist/tex/latex/base/size10.clo
File: size10.clo 2024/06/29 v1.4n Standard LaTeX file (size option)
)
\c@part=\count197
\c@section=\count198
\c@subsection=\count199
\c@subsubsection=\count266
\c@paragraph=\count267
\c@subparagraph=\count268
\c@figure=\count269
\c@table=\count270
\abovecaptionskip=\skip49
\belowcaptionskip=\skip50
\bibindent=\dimen146
)
(c:/texlive/2025/texmf-dist/tex/latex/graphics/graphicx.sty
Package: graphicx 2021/09/16 v1.2d Enhanced LaTeX Graphics (DPC,SPQR)

(c:/texlive/2025/texmf-dist/tex/latex/graphics/keyval.sty
Package: keyval 2022/05/29 v1.15 key=value parser (DPC)
\KV@toks@=\toks17
)
(c:/texlive/2025/texmf-dist/tex/latex/graphics/graphics.sty
Package: graphics 2024/08/06 v1.4g Standard LaTeX Graphics (DPC,SPQR)

(c:/texlive/2025/texmf-dist/tex/latex/graphics/trig.sty
Package: trig 2023/12/02 v1.11 sin cos tan (DPC)
)
(c:/texlive/2025/texmf-dist/tex/latex/graphics-cfg/graphics.cfg
File: graphics.cfg 2016/06/04 v1.11 sample graphics configuration
)
Package graphics Info: Driver file: pdftex.def on input line 106.

(c:/texlive/2025/texmf-dist/tex/latex/graphics-def/pdftex.def
File: pdftex.def 2024/04/13 v1.2c Graphics/color driver for pdftex
))
\Gin@req@height=\dimen147
\Gin@req@width=\dimen148
)
(c:/texlive/2025/texmf-dist/tex/latex/cjk-ko/kotex.sty
Package: kotex 2015/04/19 v1.6 Korean TeX (ko.TeX)

(c:/texlive/2025/texmf-dist/tex/latex/kotex-utf/kotex.cfg)
(c:/texlive/2025/texmf-dist/tex/latex/kotex-utf/kotexutf.sty
Package: kotexutf 2022/06/22 v3.0.0 typesetting UTF-8 Korean documents

(c:/texlive/2025/texmf-dist/tex/latex/base/inputenc.sty
Package: inputenc 2024/02/08 v1.3d Input encoding file
\inpenc@prehook=\toks18
\inpenc@posthook=\toks19
)
(c:/texlive/2025/texmf-dist/tex/plain/kotex-plain/kotexutf-core.tex
\unih@ngulpoint=\count271
\dhucs@emph@raise=\dimen149
)
Now handling font encoding LUC ...
... processing UTF-8 mapping file for font encoding LUC

(c:/texlive/2025/texmf-dist/tex/latex/kotex-utf/lucenc.dfu
File: lucenc.dfu 2007/09/05 UTF-8 support for dhucs
   defining Unicode char U+00B7 (decimal 183)
   defining Unicode char U+2018 (decimal 8216)
   defining Unicode char U+2019 (decimal 8217)
   defining Unicode char U+201C (decimal 8220)
   defining Unicode char U+201D (decimal 8221)
   defining Unicode char U+3001 (decimal 12289)
   defining Unicode char U+3002 (decimal 12290)
   defining Unicode char U+3008 (decimal 12296)
   defining Unicode char U+3009 (decimal 12297)
   defining Unicode char U+300A (decimal 12298)
   defining Unicode char U+300B (decimal 12299)
   defining Unicode char U+300C (decimal 12300)
   defining Unicode char U+300D (decimal 12301)
   defining Unicode char U+300E (decimal 12302)
   defining Unicode char U+300F (decimal 12303)
   defining Unicode char U+3010 (decimal 12304)
   defining Unicode char U+3011 (decimal 12305)
   defining Unicode char U+3014 (decimal 12308)
   defining Unicode char U+3015 (decimal 12309)
   defining Unicode char U+3016 (decimal 12310)
   defining Unicode char U+3017 (decimal 12311)
   defining Unicode char U+3018 (decimal 12312)
   defining Unicode char U+3019 (decimal 12313)
   defining Unicode char U+301A (decimal 12314)
   defining Unicode char U+301B (decimal 12315)
   defining Unicode char U+FF01 (decimal 65281)
   defining Unicode char U+FF08 (decimal 65288)
   defining Unicode char U+FF09 (decimal 65289)
   defining Unicode char U+FF0C (decimal 65292)
   defining Unicode char U+FF0E (decimal 65294)
   defining Unicode char U+FF1A (decimal 65306)
   defining Unicode char U+FF1B (decimal 65307)
   defining Unicode char U+FF1C (decimal 65308)
   defining Unicode char U+FF1D (decimal 65309)
   defining Unicode char U+FF1E (decimal 65310)
   defining Unicode char U+FF1F (decimal 65311)
   defining Unicode char U+FF3B (decimal 65339)
   defining Unicode char U+FF3D (decimal 65341)
   defining Unicode char U+FF5B (decimal 65371)
   defining Unicode char U+FF5D (decimal 65373)
   defining Unicode char U+FF61 (decimal 65377)
   defining Unicode char U+FF62 (decimal 65378)
   defining Unicode char U+FF63 (decimal 65379)
   defining Unicode char U+FF64 (decimal 65380)
   defining Unicode char U+FF65 (decimal 65381)
)
\@josa=\count272
\josatoks=\toks20

(c:/texlive/2025/texmf-dist/tex/latex/cjk-ko/kolabels-utf.sty
Package: kolabels-utf 2015/03/20 v1.5 UTF-8 Hangul item labels
)))
(c:/texlive/2025/texmf-dist/tex/latex/amsfonts/amssymb.sty
Package: amssymb 2013/01/14 v3.01 AMS font symbols

(c:/texlive/2025/texmf-dist/tex/latex/amsfonts/amsfonts.sty
Package: amsfonts 2013/01/14 v3.01 Basic AMSFonts support
\@emptytoks=\toks21
\symAMSa=\mathgroup4
\symAMSb=\mathgroup5
LaTeX Font Info:    Redeclaring math symbol \hbar on input line 98.
LaTeX Font Info:    Overwriting math alphabet `\mathfrak' in version `bold'
(Font)                  U/euf/m/n --> U/euf/b/n on input line 106.
))
(c:/texlive/2025/texmf-dist/tex/latex/amscls/amsthm.sty
Package: amsthm 2020/05/29 v2.20.6
\thm@style=\toks22
\thm@bodyfont=\toks23
\thm@headfont=\toks24
\thm@notefont=\toks25
\thm@headpunct=\toks26
\thm@preskip=\skip51
\thm@postskip=\skip52
\thm@headsep=\skip53
\dth@everypar=\toks27
)
(c:/texlive/2025/texmf-dist/tex/latex/preprint/authblk.sty
Package: authblk 2001/02/27 1.3 (PWD)
\affilsep=\skip54
\@affilsep=\skip55
\c@Maxaffil=\count273
\c@authors=\count274
\c@affil=\count275
)
(c:/texlive/2025/texmf-dist/tex/latex/fancyhdr/fancyhdr.sty
Package: fancyhdr 2025/02/07 v5.2 Extensive control of page headers and footers

\f@nch@headwidth=\skip56
\f@nch@offset@elh=\skip57
\f@nch@offset@erh=\skip58
\f@nch@offset@olh=\skip59
\f@nch@offset@orh=\skip60
\f@nch@offset@elf=\skip61
\f@nch@offset@erf=\skip62
\f@nch@offset@olf=\skip63
\f@nch@offset@orf=\skip64
\f@nch@height=\skip65
\f@nch@footalignment=\skip66
\f@nch@widthL=\skip67
\f@nch@widthC=\skip68
\f@nch@widthR=\skip69
\@temptokenb=\toks28
)
(c:/texlive/2025/texmf-dist/tex/latex/braket/braket.sty)
(c:/texlive/2025/texmf-dist/tex/latex/doublestroke/dsfont.sty
Package: dsfont 1995/08/01 v0.1 Double stroke roman fonts
)
(c:/texlive/2025/texmf-dist/tex/latex/bbold/bbold.sty
Package: bbold 1994/04/06 Bbold symbol package
LaTeX Font Info:    Redeclaring math alphabet \mathbb on input line 42.
)
(c:/texlive/2025/texmf-dist/tex/latex/xcolor/xcolor.sty
Package: xcolor 2024/09/29 v3.02 LaTeX color extensions (UK)

(c:/texlive/2025/texmf-dist/tex/latex/graphics-cfg/color.cfg
File: color.cfg 2016/01/02 v1.6 sample color configuration
)
Package xcolor Info: Driver file: pdftex.def on input line 274.

(c:/texlive/2025/texmf-dist/tex/latex/graphics/mathcolor.ltx)
Package xcolor Info: Model `cmy' substituted by `cmy0' on input line 1349.
Package xcolor Info: Model `hsb' substituted by `rgb' on input line 1353.
Package xcolor Info: Model `RGB' extended on input line 1365.
Package xcolor Info: Model `HTML' substituted by `rgb' on input line 1367.
Package xcolor Info: Model `Hsb' substituted by `hsb' on input line 1368.
Package xcolor Info: Model `tHsb' substituted by `hsb' on input line 1369.
Package xcolor Info: Model `HSB' substituted by `hsb' on input line 1370.
Package xcolor Info: Model `Gray' substituted by `gray' on input line 1371.
Package xcolor Info: Model `wave' substituted by `hsb' on input line 1372.
)
(c:/texlive/2025/texmf-dist/tex/latex/cite/cite.sty
LaTeX Info: Redefining \cite on input line 302.
LaTeX Info: Redefining \nocite on input line 332.
Package: cite 2015/02/27  v 5.5
)
(c:/texlive/2025/texmf-dist/tex/latex/mathtools/mathtools.sty
Package: mathtools 2024/10/04 v1.31 mathematical typesetting tools

(c:/texlive/2025/texmf-dist/tex/latex/tools/calc.sty
Package: calc 2023/07/08 v4.3 Infix arithmetic (KKT,FJ)
\calc@Acount=\count276
\calc@Bcount=\count277
\calc@Adimen=\dimen150
\calc@Bdimen=\dimen151
\calc@Askip=\skip70
\calc@Bskip=\skip71
LaTeX Info: Redefining \setlength on input line 80.
LaTeX Info: Redefining \addtolength on input line 81.
\calc@Ccount=\count278
\calc@Cskip=\skip72
)
(c:/texlive/2025/texmf-dist/tex/latex/mathtools/mhsetup.sty
Package: mhsetup 2021/03/18 v1.4 programming setup (MH)
)
(c:/texlive/2025/texmf-dist/tex/latex/amsmath/amsmath.sty
Package: amsmath 2024/11/05 v2.17t AMS math features
\@mathmargin=\skip73

For additional information on amsmath, use the `?' option.
(c:/texlive/2025/texmf-dist/tex/latex/amsmath/amstext.sty
Package: amstext 2021/08/26 v2.01 AMS text

(c:/texlive/2025/texmf-dist/tex/latex/amsmath/amsgen.sty
File: amsgen.sty 1999/11/30 v2.0 generic functions
\@emptytoks=\toks29
\ex@=\dimen152
))
(c:/texlive/2025/texmf-dist/tex/latex/amsmath/amsbsy.sty
Package: amsbsy 1999/11/29 v1.2d Bold Symbols
\pmbraise@=\dimen153
)
(c:/texlive/2025/texmf-dist/tex/latex/amsmath/amsopn.sty
Package: amsopn 2022/04/08 v2.04 operator names
)
\inf@bad=\count279
LaTeX Info: Redefining \frac on input line 233.
\uproot@=\count280
\leftroot@=\count281
LaTeX Info: Redefining \overline on input line 398.
LaTeX Info: Redefining \colon on input line 409.
\classnum@=\count282
\DOTSCASE@=\count283
LaTeX Info: Redefining \ldots on input line 495.
LaTeX Info: Redefining \dots on input line 498.
LaTeX Info: Redefining \cdots on input line 619.
\Mathstrutbox@=\box53
\strutbox@=\box54
LaTeX Info: Redefining \big on input line 721.
LaTeX Info: Redefining \Big on input line 722.
LaTeX Info: Redefining \bigg on input line 723.
LaTeX Info: Redefining \Bigg on input line 724.
\big@size=\dimen154
LaTeX Font Info:    Redeclaring font encoding OML on input line 742.
LaTeX Font Info:    Redeclaring font encoding OMS on input line 743.
\macc@depth=\count284
LaTeX Info: Redefining \bmod on input line 904.
LaTeX Info: Redefining \pmod on input line 909.
LaTeX Info: Redefining \smash on input line 939.
LaTeX Info: Redefining \relbar on input line 969.
LaTeX Info: Redefining \Relbar on input line 970.
\c@MaxMatrixCols=\count285
\dotsspace@=\muskip17
\c@parentequation=\count286
\dspbrk@lvl=\count287
\tag@help=\toks30
\row@=\count288
\column@=\count289
\maxfields@=\count290
\andhelp@=\toks31
\eqnshift@=\dimen155
\alignsep@=\dimen156
\tagshift@=\dimen157
\tagwidth@=\dimen158
\totwidth@=\dimen159
\lineht@=\dimen160
\@envbody=\toks32
\multlinegap=\skip74
\multlinetaggap=\skip75
\mathdisplay@stack=\toks33
LaTeX Info: Redefining \[ on input line 2953.
LaTeX Info: Redefining \] on input line 2954.
)
\g_MT_multlinerow_int=\count291
\l_MT_multwidth_dim=\dimen161
\origjot=\skip76
\l_MT_shortvdotswithinadjustabove_dim=\dimen162
\l_MT_shortvdotswithinadjustbelow_dim=\dimen163
\l_MT_above_intertext_sep=\dimen164
\l_MT_below_intertext_sep=\dimen165
\l_MT_above_shortintertext_sep=\dimen166
\l_MT_below_shortintertext_sep=\dimen167
\xmathstrut@box=\box55
\xmathstrut@dim=\dimen168
)
(c:/texlive/2025/texmf-dist/tex/latex/cancel/cancel.sty
Package: cancel 2013/04/12 v2.2 Cancel math terms
)
(c:/texlive/2025/texmf-dist/tex/latex/esint/esint.sty
Package: esint 
\symlargesymbolsA=\mathgroup6
)
(c:/texlive/2025/texmf-dist/tex/latex/caption/subcaption.sty
Package: subcaption 2023/07/28 v1.6b Sub-captions (AR)

(c:/texlive/2025/texmf-dist/tex/latex/caption/caption.sty
Package: caption 2023/08/05 v3.6o Customizing captions (AR)

(c:/texlive/2025/texmf-dist/tex/latex/caption/caption3.sty
Package: caption3 2023/07/31 v2.4d caption3 kernel (AR)
\caption@tempdima=\dimen169
\captionmargin=\dimen170
\caption@leftmargin=\dimen171
\caption@rightmargin=\dimen172
\caption@width=\dimen173
\caption@indent=\dimen174
\caption@parindent=\dimen175
\caption@hangindent=\dimen176
Package caption Info: Standard document class detected.
)
\c@caption@flags=\count292
\c@continuedfloat=\count293
)
Package caption Info: New subtype `subfigure' on input line 238.
\c@subfigure=\count294
Package caption Info: New subtype `subtable' on input line 238.
\c@subtable=\count295
)
(c:/texlive/2025/texmf-dist/tex/latex/enumitem/enumitem.sty
Package: enumitem 2025/02/06 v3.11 Customized lists
\labelindent=\skip77
\enit@outerparindent=\dimen177
\enit@toks=\toks34
\enit@inbox=\box56
\enit@count@id=\count296
\enitdp@description=\count297
)
(c:/texlive/2025/texmf-dist/tex/latex/geometry/geometry.sty
Package: geometry 2020/01/02 v5.9 Page Geometry

(c:/texlive/2025/texmf-dist/tex/generic/iftex/ifvtex.sty
Package: ifvtex 2019/10/25 v1.7 ifvtex legacy package. Use iftex instead.

(c:/texlive/2025/texmf-dist/tex/generic/iftex/iftex.sty
Package: iftex 2024/12/12 v1.0g TeX engine tests
))
\Gm@cnth=\count298
\Gm@cntv=\count299
\c@Gm@tempcnt=\count300
\Gm@bindingoffset=\dimen178
\Gm@wd@mp=\dimen179
\Gm@odd@mp=\dimen180
\Gm@even@mp=\dimen181
\Gm@layoutwidth=\dimen182
\Gm@layoutheight=\dimen183
\Gm@layouthoffset=\dimen184
\Gm@layoutvoffset=\dimen185
\Gm@dimlist=\toks35
)
(c:/texlive/2025/texmf-dist/tex/latex/tools/multicol.sty
Package: multicol 2024/09/14 v1.9i multicolumn formatting (FMi)
\c@tracingmulticols=\count301
\mult@box=\box57
\multicol@leftmargin=\dimen186
\c@unbalance=\count302
\c@collectmore=\count303
\doublecol@number=\count304
\multicoltolerance=\count305
\multicolpretolerance=\count306
\full@width=\dimen187
\page@free=\dimen188
\premulticols=\dimen189
\postmulticols=\dimen190
\multicolsep=\skip78
\multicolbaselineskip=\skip79
\partial@page=\box58
\last@line=\box59
\mc@boxedresult=\box60
\maxbalancingoverflow=\dimen191
\mult@rightbox=\box61
\mult@grightbox=\box62
\mult@firstbox=\box63
\mult@gfirstbox=\box64
\@tempa=\box65
\@tempa=\box66
\@tempa=\box67
\@tempa=\box68
\@tempa=\box69
\@tempa=\box70
\@tempa=\box71
\@tempa=\box72
\@tempa=\box73
\@tempa=\box74
\@tempa=\box75
\@tempa=\box76
\@tempa=\box77
\@tempa=\box78
\@tempa=\box79
\@tempa=\box80
\@tempa=\box81
\@tempa=\box82
\@tempa=\box83
\@tempa=\box84
\@tempa=\box85
\@tempa=\box86
\@tempa=\box87
\@tempa=\box88
\@tempa=\box89
\@tempa=\box90
\@tempa=\box91
\@tempa=\box92
\@tempa=\box93
\@tempa=\box94
\@tempa=\box95
\@tempa=\box96
\@tempa=\box97
\@tempa=\box98
\@tempa=\box99
\@tempa=\box100
\c@minrows=\count307
\c@columnbadness=\count308
\c@finalcolumnbadness=\count309
\last@try=\dimen192
\multicolovershoot=\dimen193
\multicolundershoot=\dimen194
\mult@nat@firstbox=\box101
\colbreak@box=\box102
\mc@col@check@num=\count310
)
(c:/texlive/2025/texmf-dist/tex/latex/physics/physics.sty
Package: physics 

(c:/texlive/2025/texmf-dist/tex/latex/l3packages/xparse/xparse.sty
(c:/texlive/2025/texmf-dist/tex/latex/l3kernel/expl3.sty
Package: expl3 2025-03-26 L3 programming layer (loader) 

(c:/texlive/2025/texmf-dist/tex/latex/l3backend/l3backend-pdftex.def
File: l3backend-pdftex.def 2025-03-14 L3 backend support: PDF output (pdfTeX)
\l__color_backend_stack_int=\count311
))
Package: xparse 2024-08-16 L3 Experimental document command parser
))
(c:/texlive/2025/texmf-dist/tex/latex/hyperref/hyperref.sty
Package: hyperref 2024-11-05 v7.01l Hypertext links for LaTeX

(c:/texlive/2025/texmf-dist/tex/latex/kvsetkeys/kvsetkeys.sty
Package: kvsetkeys 2022-10-05 v1.19 Key value parser (HO)
)
(c:/texlive/2025/texmf-dist/tex/generic/kvdefinekeys/kvdefinekeys.sty
Package: kvdefinekeys 2019-12-19 v1.6 Define keys (HO)
)
(c:/texlive/2025/texmf-dist/tex/generic/pdfescape/pdfescape.sty
Package: pdfescape 2019/12/09 v1.15 Implements pdfTeX's escape features (HO)

(c:/texlive/2025/texmf-dist/tex/generic/ltxcmds/ltxcmds.sty
Package: ltxcmds 2023-12-04 v1.26 LaTeX kernel commands for general use (HO)
)
(c:/texlive/2025/texmf-dist/tex/generic/pdftexcmds/pdftexcmds.sty
Package: pdftexcmds 2020-06-27 v0.33 Utility functions of pdfTeX for LuaTeX (HO
)

(c:/texlive/2025/texmf-dist/tex/generic/infwarerr/infwarerr.sty
Package: infwarerr 2019/12/03 v1.5 Providing info/warning/error messages (HO)
)
Package pdftexcmds Info: \pdf@primitive is available.
Package pdftexcmds Info: \pdf@ifprimitive is available.
Package pdftexcmds Info: \pdfdraftmode found.
))
(c:/texlive/2025/texmf-dist/tex/latex/hycolor/hycolor.sty
Package: hycolor 2020-01-27 v1.10 Color options for hyperref/bookmark (HO)
)
(c:/texlive/2025/texmf-dist/tex/latex/hyperref/nameref.sty
Package: nameref 2023-11-26 v2.56 Cross-referencing by name of section

(c:/texlive/2025/texmf-dist/tex/latex/refcount/refcount.sty
Package: refcount 2019/12/15 v3.6 Data extraction from label references (HO)
)
(c:/texlive/2025/texmf-dist/tex/generic/gettitlestring/gettitlestring.sty
Package: gettitlestring 2019/12/15 v1.6 Cleanup title references (HO)

(c:/texlive/2025/texmf-dist/tex/latex/kvoptions/kvoptions.sty
Package: kvoptions 2022-06-15 v3.15 Key value format for package options (HO)
))
\c@section@level=\count312
)
(c:/texlive/2025/texmf-dist/tex/latex/etoolbox/etoolbox.sty
Package: etoolbox 2025/02/11 v2.5l e-TeX tools for LaTeX (JAW)
\etb@tempcnta=\count313
)
(c:/texlive/2025/texmf-dist/tex/generic/stringenc/stringenc.sty
Package: stringenc 2019/11/29 v1.12 Convert strings between diff. encodings (HO
)
)
\@linkdim=\dimen195
\Hy@linkcounter=\count314
\Hy@pagecounter=\count315

(c:/texlive/2025/texmf-dist/tex/latex/hyperref/pd1enc.def
File: pd1enc.def 2024-11-05 v7.01l Hyperref: PDFDocEncoding definition (HO)
Now handling font encoding PD1 ...
... no UTF-8 mapping file for font encoding PD1
)
(c:/texlive/2025/texmf-dist/tex/generic/intcalc/intcalc.sty
Package: intcalc 2019/12/15 v1.3 Expandable calculations with integers (HO)
)
\Hy@SavedSpaceFactor=\count316

(c:/texlive/2025/texmf-dist/tex/latex/hyperref/puenc.def
File: puenc.def 2024-11-05 v7.01l Hyperref: PDF Unicode definition (HO)
Now handling font encoding PU ...
... no UTF-8 mapping file for font encoding PU
)
Package hyperref Info: Hyper figures OFF on input line 4157.
Package hyperref Info: Link nesting OFF on input line 4162.
Package hyperref Info: Hyper index ON on input line 4165.
Package hyperref Info: Plain pages OFF on input line 4172.
Package hyperref Info: Backreferencing OFF on input line 4177.
Package hyperref Info: Implicit mode ON; LaTeX internals redefined.
Package hyperref Info: Bookmarks ON on input line 4424.
\c@Hy@tempcnt=\count317

(c:/texlive/2025/texmf-dist/tex/latex/url/url.sty
\Urlmuskip=\muskip18
Package: url 2013/09/16  ver 3.4  Verb mode for urls, etc.
)
LaTeX Info: Redefining \url on input line 4763.
\XeTeXLinkMargin=\dimen196

(c:/texlive/2025/texmf-dist/tex/generic/bitset/bitset.sty
Package: bitset 2019/12/09 v1.3 Handle bit-vector datatype (HO)

(c:/texlive/2025/texmf-dist/tex/generic/bigintcalc/bigintcalc.sty
Package: bigintcalc 2019/12/15 v1.5 Expandable calculations on big integers (HO
)
))
\Fld@menulength=\count318
\Field@Width=\dimen197
\Fld@charsize=\dimen198
Package hyperref Info: Hyper figures OFF on input line 6042.
Package hyperref Info: Link nesting OFF on input line 6047.
Package hyperref Info: Hyper index ON on input line 6050.
Package hyperref Info: backreferencing OFF on input line 6057.
Package hyperref Info: Link coloring OFF on input line 6062.
Package hyperref Info: Link coloring with OCG OFF on input line 6067.
Package hyperref Info: PDF/A mode OFF on input line 6072.

(c:/texlive/2025/texmf-dist/tex/latex/base/atbegshi-ltx.sty
Package: atbegshi-ltx 2021/01/10 v1.0c Emulation of the original atbegshi
package with kernel methods
)
\Hy@abspage=\count319
\c@Item=\count320
\c@Hfootnote=\count321
)
Package hyperref Info: Driver (autodetected): hpdftex.

(c:/texlive/2025/texmf-dist/tex/latex/hyperref/hpdftex.def
File: hpdftex.def 2024-11-05 v7.01l Hyperref driver for pdfTeX

(c:/texlive/2025/texmf-dist/tex/latex/base/atveryend-ltx.sty
Package: atveryend-ltx 2020/08/19 v1.0a Emulation of the original atveryend pac
kage
with kernel methods
)
\Fld@listcount=\count322
\c@bookmark@seq@number=\count323

(c:/texlive/2025/texmf-dist/tex/latex/rerunfilecheck/rerunfilecheck.sty
Package: rerunfilecheck 2022-07-10 v1.10 Rerun checks for auxiliary files (HO)

(c:/texlive/2025/texmf-dist/tex/generic/uniquecounter/uniquecounter.sty
Package: uniquecounter 2019/12/15 v1.4 Provide unlimited unique counter (HO)
)
Package uniquecounter Info: New unique counter `rerunfilecheck' on input line 2
85.
)
\Hy@SectionHShift=\skip80
)
\c@theorem=\count324

(./main.aux)
\openout1 = `main.aux'.

LaTeX Font Info:    Checking defaults for OML/cmm/m/it on input line 52.
LaTeX Font Info:    ... okay on input line 52.
LaTeX Font Info:    Checking defaults for OMS/cmsy/m/n on input line 52.
LaTeX Font Info:    ... okay on input line 52.
LaTeX Font Info:    Checking defaults for OT1/cmr/m/n on input line 52.
LaTeX Font Info:    ... okay on input line 52.
LaTeX Font Info:    Checking defaults for T1/cmr/m/n on input line 52.
LaTeX Font Info:    ... okay on input line 52.
LaTeX Font Info:    Checking defaults for TS1/cmr/m/n on input line 52.
LaTeX Font Info:    ... okay on input line 52.
LaTeX Font Info:    Checking defaults for OMX/cmex/m/n on input line 52.
LaTeX Font Info:    ... okay on input line 52.
LaTeX Font Info:    Checking defaults for U/cmr/m/n on input line 52.
LaTeX Font Info:    ... okay on input line 52.
LaTeX Font Info:    Checking defaults for LUC/nanummj/m/n on input line 52.
LaTeX Font Info:    Trying to load font information for LUC+nanummj on input li
ne 52.
 (c:/texlive/2025/texmf-dist/tex/latex/nanumtype1/lucnanummj.fd
File: lucnanummj.fd 2013/02/12 v0.1 Nanum Myeongjo font definitions
)
LaTeX Font Info:    ... okay on input line 52.
LaTeX Font Info:    Checking defaults for PD1/pdf/m/n on input line 52.
LaTeX Font Info:    ... okay on input line 52.
LaTeX Font Info:    Checking defaults for PU/pdf/m/n on input line 52.
LaTeX Font Info:    ... okay on input line 52.

(c:/texlive/2025/texmf-dist/tex/context/base/mkii/supp-pdf.mkii
[Loading MPS to PDF converter (version 2006.09.02).]
\scratchcounter=\count325
\scratchdimen=\dimen199
\scratchbox=\box103
\nofMPsegments=\count326
\nofMParguments=\count327
\everyMPshowfont=\toks36
\MPscratchCnt=\count328
\MPscratchDim=\dimen256
\MPnumerator=\count329
\makeMPintoPDFobject=\count330
\everyMPtoPDFconversion=\toks37
) (c:/texlive/2025/texmf-dist/tex/latex/epstopdf-pkg/epstopdf-base.sty
Package: epstopdf-base 2020-01-24 v2.11 Base part for package epstopdf
Package epstopdf-base Info: Redefining graphics rule for `.eps' on input line 4
85.

(c:/texlive/2025/texmf-dist/tex/latex/latexconfig/epstopdf-sys.cfg
File: epstopdf-sys.cfg 2010/07/13 v1.3 Configuration of (r)epstopdf for TeX Liv
e
))
Package caption Info: Begin \AtBeginDocument code.
Package caption Info: hyperref package is loaded.
Package caption Info: End \AtBeginDocument code.

*geometry* driver: auto-detecting
*geometry* detected driver: pdftex
*geometry* verbose mode - [ preamble ] result:
* driver: pdftex
* paper: a4paper
* layout: <same size as paper>
* layoutoffset:(h,v)=(0.0pt,0.0pt)
* modes: 
* h-part:(L,W,R)=(56.9055pt, 483.69687pt, 56.9055pt)
* v-part:(T,H,B)=(68.28644pt, 708.47397pt, 68.28644pt)
* \paperwidth=597.50787pt
* \paperheight=845.04684pt
* \textwidth=483.69687pt
* \textheight=708.47397pt
* \oddsidemargin=-15.36449pt
* \evensidemargin=-15.36449pt
* \topmargin=-40.98355pt
* \headheight=12.0pt
* \headsep=25.0pt
* \topskip=10.0pt
* \footskip=30.0pt
* \marginparwidth=65.0pt
* \marginparsep=11.0pt
* \columnsep=10.0pt
* \skip\footins=9.0pt plus 4.0pt minus 2.0pt
* \hoffset=0.0pt
* \voffset=0.0pt
* \mag=1000
* \@twocolumnfalse
* \@twosidefalse
* \@mparswitchfalse
* \@reversemarginfalse
* (1in=72.27pt=25.4mm, 1cm=28.453pt)

Package hyperref Info: Link coloring OFF on input line 52.
(./main.out) (./main.out)
\@outlinefile=\write3
\openout3 = `main.out'.

LaTeX Font Info:    Trying to load font information for U+msa on input line 66.


(c:/texlive/2025/texmf-dist/tex/latex/amsfonts/umsa.fd
File: umsa.fd 2013/01/14 v3.01 AMS symbols A
)
LaTeX Font Info:    Trying to load font information for U+msb on input line 66.


(c:/texlive/2025/texmf-dist/tex/latex/amsfonts/umsb.fd
File: umsb.fd 2013/01/14 v3.01 AMS symbols B
)
LaTeX Font Info:    Trying to load font information for U+esint on input line 6
6.

(c:/texlive/2025/texmf-dist/tex/latex/esint/uesint.fd
File: uesint.fd 
)

[1

{c:/texlive/2025/texmf-var/fonts/map/pdftex/updmap/pdftex.map}{c:/texlive/2025/
texmf-dist/fonts/enc/dvips/cm-super/cm-super-ts1.enc}]

[2]

[3]
<fig1.png, id=93, 605.26125pt x 151.3153pt>
File: fig1.png Graphic file (type png)
<use fig1.png>
Package pdftex.def Info: fig1.png  used on input line 283.
(pdftex.def)             Requested size: 362.77264pt x 90.6929pt.


[4 <./fig1.png>]

[5]

[6]
<fig2.png, id=126, 1008.76875pt x 694.595pt>
File: fig2.png Graphic file (type png)
<use fig2.png>
Package pdftex.def Info: fig2.png  used on input line 441.
(pdftex.def)             Requested size: 145.11053pt x 99.9135pt.


[7 <./fig2.png (PNG copy)>]
<fig3.png, id=138, 194.22563pt x 92.59593pt>
File: fig3.png Graphic file (type png)
<use fig3.png>
Package pdftex.def Info: fig3.png  used on input line 467.
(pdftex.def)             Requested size: 145.11053pt x 69.18254pt.


[8 <./fig3.png>]

[9]

[10]

[11]
LaTeX Font Info:    Trying to load font information for U+bbold on input line 7
63.
 (c:/texlive/2025/texmf-dist/tex/latex/bbold/Ubbold.fd)

[12]

[13]

[14]

[15]

[16]
LaTeX Font Info:    Trying to load font information for U+dsrom on input line 1
109.
 (c:/texlive/2025/texmf-dist/tex/latex/doublestroke/Udsrom.fd
File: Udsrom.fd 1995/08/01 v0.1 Double stroke roman font definitions
)

[17]
<fig4.png, id=296, 602.25pt x 132.495pt>
File: fig4.png Graphic file (type png)
<use fig4.png>
Package pdftex.def Info: fig4.png  used on input line 1171.
(pdftex.def)             Requested size: 290.22107pt x 63.8516pt.


[18 <./fig4.png>]
<fig5.png, id=313, 377.15906pt x 60.97781pt>
File: fig5.png Graphic file (type png)
<use fig5.png>
Package pdftex.def Info: fig5.png  used on input line 1240.
(pdftex.def)             Requested size: 338.58632pt x 54.74086pt.


[19 <./fig5.png>]
<fig6.png, id=333, 2433.09pt x 1274.7625pt>
File: fig6.png Graphic file (type png)
<use fig6.png>
Package pdftex.def Info: fig6.png  used on input line 1354.
(pdftex.def)             Requested size: 483.69687pt x 253.41133pt.


[20 <./fig6.png (PNG copy)>]
<fig7.png, id=344, 1654.18pt x 190.7125pt>
File: fig7.png Graphic file (type png)
<use fig7.png>
Package pdftex.def Info: fig7.png  used on input line 1370.
(pdftex.def)             Requested size: 386.95897pt x 44.61082pt.


LaTeX Warning: Command \textquoteright invalid in math mode on input line 1406.



LaTeX Warning: Command \textquoteright invalid in math mode on input line 1414.



LaTeX Warning: Command \textquoteright invalid in math mode on input line 1414.




[21 <./fig7.png (PNG copy)>]

[22]

LaTeX Warning: Command \textquoteright invalid in math mode on input line 1503.



LaTeX Warning: Command \textquoteright invalid in math mode on input line 1507.




[23]

[24]

[25]
<fig8.png, id=414, 657.2053pt x 255.20343pt>
File: fig8.png Graphic file (type png)
<use fig8.png>
Package pdftex.def Info: fig8.png  used on input line 1732.
(pdftex.def)             Requested size: 290.22107pt x 112.69873pt.


[26 <./fig8.png>]
<fig9.png, id=424, 185.19188pt x 109.1578pt>
File: fig9.png Graphic file (type png)
<use fig9.png>
Package pdftex.def Info: fig9.png  used on input line 1758.
(pdftex.def)             Requested size: 120.92421pt x 71.27652pt.
<fig10.png, id=425, 173.14688pt x 106.14656pt>
File: fig10.png Graphic file (type png)
<use fig10.png>
Package pdftex.def Info: fig10.png  used on input line 1771.
(pdftex.def)             Requested size: 120.92421pt x 74.13364pt.
<fig11.png, id=426, 155.07938pt x 103.88812pt>
File: fig11.png Graphic file (type png)
<use fig11.png>
Package pdftex.def Info: fig11.png  used on input line 1793.
(pdftex.def)             Requested size: 120.92421pt x 81.00703pt.


[27 <./fig9.png> <./fig10.png> <./fig11.png>]

[28]
<fig12.png, id=457, 380.92313pt x 137.01187pt>
File: fig12.png Graphic file (type png)
<use fig12.png>
Package pdftex.def Info: fig12.png  used on input line 1933.
(pdftex.def)             Requested size: 241.84843pt x 86.98901pt.


[29 <./fig12.png>]
<fig13.png, id=472, 1098.1025pt x 673.51625pt>
File: fig13.png Graphic file (type png)
<use fig13.png>
Package pdftex.def Info: fig13.png  used on input line 2028.
(pdftex.def)             Requested size: 241.84843pt x 148.32819pt.
<fig14.png, id=473, 307.1475pt x 135.50626pt>
File: fig14.png Graphic file (type png)
<use fig14.png>
Package pdftex.def Info: fig14.png  used on input line 2059.
(pdftex.def)             Requested size: 145.11053pt x 64.01875pt.


[30 <./fig13.png (PNG copy)> <./fig14.png>]
<fig15.png, id=485, 374.90062pt x 173.14688pt>
File: fig15.png Graphic file (type png)
<use fig15.png>
Package pdftex.def Info: fig15.png  used on input line 2109.
(pdftex.def)             Requested size: 241.84843pt x 111.69868pt.


[31 <./fig15.png>]
<fig16.png, id=500, 260.47313pt x 167.12437pt>
File: fig16.png Graphic file (type png)
<use fig16.png>
Package pdftex.def Info: fig16.png  used on input line 2133.
(pdftex.def)             Requested size: 145.11053pt x 93.10448pt.
<fig17.png, id=501, 194.22563pt x 140.02313pt>
File: fig17.png Graphic file (type png)
<use fig17.png>
Package pdftex.def Info: fig17.png  used on input line 2151.
(pdftex.def)             Requested size: 145.11053pt x 104.61754pt.


[32 <./fig16.png> <./fig17.png>]
<fig18.png, id=516, 764.8575pt x 632.3625pt>
File: fig18.png Graphic file (type png)
<use fig18.png>
Package pdftex.def Info: fig18.png  used on input line 2235.
(pdftex.def)             Requested size: 169.29684pt x 139.9693pt.


[33 <./fig18.png (PNG copy)>]

LaTeX Warning: Command \textquoteright invalid in math mode on input line 2242.




[34]
<fig19.png, id=544, 1088.065pt x 853.1875pt>
File: fig19.png Graphic file (type png)
<use fig19.png>
Package pdftex.def Info: fig19.png  used on input line 2306.
(pdftex.def)             Requested size: 241.84843pt x 189.6416pt.


LaTeX Warning: Command \textquoteright invalid in math mode on input line 2315.



LaTeX Warning: Command \textquoteright invalid in math mode on input line 2320.




[35 <./fig19.png (PNG copy)>]

[36]
<fig20.png, id=572, 383.18156pt x 130.23656pt>
File: fig20.png Graphic file (type png)
<use fig20.png>
Package pdftex.def Info: fig20.png  used on input line 2430.
(pdftex.def)             Requested size: 241.84843pt x 82.20049pt.
<fig21.png, id=573, 496.10344pt x 138.5175pt>
File: fig21.png Graphic file (type png)
<use fig21.png>
Package pdftex.def Info: fig21.png  used on input line 2448.
(pdftex.def)             Requested size: 241.84843pt x 67.52753pt.
<fig22.png, id=574, 567.62062pt x 156.585pt>
File: fig22.png Graphic file (type png)
<use fig22.png>
Package pdftex.def Info: fig22.png  used on input line 2458.
(pdftex.def)             Requested size: 338.58632pt x 93.40695pt.


[37 <./fig20.png> <./fig21.png> <./fig22.png>]
<fig23.png, id=589, 562.35094pt x 117.43875pt>
File: fig23.png Graphic file (type png)
<use fig23.png>
Package pdftex.def Info: fig23.png  used on input line 2505.
(pdftex.def)             Requested size: 362.77264pt x 75.75905pt.
<fig24.png, id=590, 636.3775pt x 291.0875pt>
File: fig24.png Graphic file (type png)
<use fig24.png>
Package pdftex.def Info: fig24.png  used on input line 2513.
(pdftex.def)             Requested size: 169.29684pt x 77.4354pt.
<fig25.png, id=591, 195.73125pt x 155.83218pt>
File: fig25.png Graphic file (type png)
<use fig25.png>
Package pdftex.def Info: fig25.png  used on input line 2521.
(pdftex.def)             Requested size: 169.29684pt x 134.79298pt.


[38 <./fig23.png> <./fig24.png (PNG copy)> <./fig25.png>]
<fig26.png, id=605, 650.43pt x 315.1775pt>
File: fig26.png Graphic file (type png)
<use fig26.png>
Package pdftex.def Info: fig26.png  used on input line 2531.
(pdftex.def)             Requested size: 193.47578pt x 93.75084pt.
<fig27.png, id=606, 827.09pt x 417.56pt>
File: fig27.png Graphic file (type png)
<use fig27.png>
Package pdftex.def Info: fig27.png  used on input line 2536.
(pdftex.def)             Requested size: 241.84843pt x 122.09598pt.
<fig28.png, id=607, 451.6875pt x 309.155pt>
File: fig28.png Graphic file (type png)
<use fig28.png>
Package pdftex.def Info: fig28.png  used on input line 2552.
(pdftex.def)             Requested size: 193.47578pt x 132.42458pt.


[39 <./fig26.png (PNG copy)> <./fig27.png (PNG copy)> <./fig28.png (PNG copy)>]
<fig29.png, id=615, 702.625pt x 552.0625pt>
File: fig29.png Graphic file (type png)
<use fig29.png>
Package pdftex.def Info: fig29.png  used on input line 2571.
(pdftex.def)             Requested size: 193.47578pt x 152.01561pt.
<fig30.png, id=616, 715.17188pt x 509.65407pt>
File: fig30.png Graphic file (type png)
<use fig30.png>
Package pdftex.def Info: fig30.png  used on input line 2601.
(pdftex.def)             Requested size: 241.84843pt x 172.34688pt.


[40 <./fig29.png (PNG copy)> <./fig30.png>]
<fig31.png, id=629, 355.3275pt x 87.32625pt>
File: fig31.png Graphic file (type png)
<use fig31.png>
Package pdftex.def Info: fig31.png  used on input line 2668.
(pdftex.def)             Requested size: 241.84843pt x 59.43835pt.


LaTeX Warning: Command \textendash invalid in math mode on input line 2672.



[41 <./fig31.png>]
<fig32.png, id=645, 864.98157pt x 411.78844pt>
File: fig32.png Graphic file (type png)
<use fig32.png>
Package pdftex.def Info: fig32.png  used on input line 2722.
(pdftex.def)             Requested size: 290.22107pt x 138.16518pt.
<fig33.png, id=646, 251.43938pt x 88.07906pt>
File: fig33.png Graphic file (type png)
<use fig33.png>
Package pdftex.def Info: fig33.png  used on input line 2739.
(pdftex.def)             Requested size: 169.29684pt x 59.30429pt.


[42 <./fig32.png> <./fig33.png>]
<fig34.png, id=662, 166.37157pt x 48.93282pt>
File: fig34.png Graphic file (type png)
<use fig34.png>
Package pdftex.def Info: fig34.png  used on input line 2761.
(pdftex.def)             Requested size: 145.11053pt x 42.68243pt.
<fig35.png, id=663, 221.32687pt x 138.5175pt>
File: fig35.png Graphic file (type png)
<use fig35.png>
Package pdftex.def Info: fig35.png  used on input line 2782.
(pdftex.def)             Requested size: 145.11053pt x 90.82155pt.


[43 <./fig34.png> <./fig35.png>]
<fig36.png, id=679, 536.75531pt x 103.13531pt>
File: fig36.png Graphic file (type png)
<use fig36.png>
Package pdftex.def Info: fig36.png  used on input line 2821.
(pdftex.def)             Requested size: 362.77264pt x 69.70459pt.


[44 <./fig36.png>]
<fig37.png, id=696, 616.55344pt x 313.9228pt>
File: fig37.png Graphic file (type png)
<use fig37.png>
Package pdftex.def Info: fig37.png  used on input line 2912.
(pdftex.def)             Requested size: 241.84843pt x 123.13832pt.


[45 <./fig37.png>]

[46]
<fig38.png, id=720, 517.18219pt x 289.83281pt>
File: fig38.png Graphic file (type png)
<use fig38.png>
Package pdftex.def Info: fig38.png  used on input line 2990.
(pdftex.def)             Requested size: 241.84843pt x 135.53595pt.


[47 <./fig38.png>]
<fig39.png, id=733, 541.27219pt x 289.83281pt>
File: fig39.png Graphic file (type png)
<use fig39.png>
Package pdftex.def Info: fig39.png  used on input line 3063.
(pdftex.def)             Requested size: 241.84843pt x 129.49925pt.
<fig40.png, id=734, 460.72125pt x 398.23781pt>
File: fig40.png Graphic file (type png)
<use fig40.png>
Package pdftex.def Info: fig40.png  used on input line 3095.
(pdftex.def)             Requested size: 169.29684pt x 146.33696pt.


[48 <./fig39.png> <./fig40.png>]
<fig41.png, id=747, 197.23688pt x 144.54pt>
File: fig41.png Graphic file (type png)
<use fig41.png>
Package pdftex.def Info: fig41.png  used on input line 3117.
(pdftex.def)             Requested size: 120.92421pt x 88.61697pt.
<fig42.png, id=748, 833.1125pt x 666.49pt>
File: fig42.png Graphic file (type png)
<use fig42.png>
Package pdftex.def Info: fig42.png  used on input line 3148.
(pdftex.def)             Requested size: 193.47578pt x 154.77426pt.


[49 <./fig41.png> <./fig42.png (PNG copy)>]
<fig43.png, id=763, 548.0475pt x 428.35031pt>
File: fig43.png Graphic file (type png)
<use fig43.png>
Package pdftex.def Info: fig43.png  used on input line 3201.
(pdftex.def)             Requested size: 169.29684pt x 132.32315pt.


[50 <./fig43.png>]
<fig44.png, id=781, 204.765pt x 107.65219pt>
File: fig44.png Graphic file (type png)
<use fig44.png>
Package pdftex.def Info: fig44.png  used on input line 3224.
(pdftex.def)             Requested size: 120.92421pt x 63.57501pt.


[51 <./fig44.png>]
<fig45.png, id=799, 513.41812pt x 504.38437pt>
File: fig45.png Graphic file (type png)
<use fig45.png>
Package pdftex.def Info: fig45.png  used on input line 3301.
(pdftex.def)             Requested size: 169.29684pt x 166.31651pt.


[52 <./fig45.png>]
<fig46.png, id=813, 723.45282pt x 251.43938pt>
File: fig46.png Graphic file (type png)
<use fig46.png>
Package pdftex.def Info: fig46.png  used on input line 3373.
(pdftex.def)             Requested size: 314.40001pt x 109.27165pt.


[53 <./fig46.png>]
Overfull \hbox (9.14572pt too wide) detected at line 3416
[]
 []

<fig47.png, id=830, 615.0478pt x 207.02344pt>
File: fig47.png Graphic file (type png)
<use fig47.png>
Package pdftex.def Info: fig47.png  used on input line 3420.
(pdftex.def)             Requested size: 338.58632pt x 113.96747pt.


[54 <./fig47.png>]

LaTeX Warning: Command \textendash invalid in math mode on input line 3468.

<fig48.png, id=847, 752.8125pt x 323.70938pt>
File: fig48.png Graphic file (type png)
<use fig48.png>
Package pdftex.def Info: fig48.png  used on input line 3471.
(pdftex.def)             Requested size: 241.84843pt x 103.99414pt.


[55 <./fig48.png>]
<fig49.png, id=865, 1150.2975pt x 588.1975pt>
File: fig49.png Graphic file (type png)
<use fig49.png>
Package pdftex.def Info: fig49.png  used on input line 3549.
(pdftex.def)             Requested size: 411.14528pt x 210.23413pt.


[56 <./fig49.png (PNG copy)>]

[57]
<fig51.jpeg, id=880, 1881.0275pt x 1106.1325pt>
File: fig51.jpeg Graphic file (type jpg)
<use fig51.jpeg>
Package pdftex.def Info: fig51.jpeg  used on input line 3689.
(pdftex.def)             Requested size: 241.84843pt x 142.21571pt.


[58 <./fig51.jpeg>]
<fig52.png, id=895, 291.33844pt x 190.46156pt>
File: fig52.png Graphic file (type png)
<use fig52.png>
Package pdftex.def Info: fig52.png  used on input line 3702.
(pdftex.def)             Requested size: 193.47578pt x 126.48677pt.
<fig53.png, id=896, 344.03531pt x 242.40562pt>
File: fig53.png Graphic file (type png)
<use fig53.png>
Package pdftex.def Info: fig53.png  used on input line 3717.
(pdftex.def)             Requested size: 193.47578pt x 136.32323pt.

Overfull \hbox (7.5632pt too wide) in paragraph at lines 3723--3725
\OT1/cmr/m/n/10 Suppose in-stead that we pa-ram-e-ter-ize the curve of the boun
d-ary con-di-tion as $\OML/cmm/m/it/10 x\OT1/cmr/m/n/10 (\OML/cmm/m/it/10 l\OT1
/cmr/m/n/10 )$ and $\OML/cmm/m/it/10 y\OT1/cmr/m/n/10 (\OML/cmm/m/it/10 l\OT1/c
mr/m/n/10 )$ and we fix $\OML/cmm/m/it/10 '[]\OT1/cmr/m/n/10 [\OML/cmm/m/it/10 
x\OT1/cmr/m/n/10 (\OML/cmm/m/it/10 l; y\OT1/cmr/m/n/10 (\OML/cmm/m/it/10 l\OT1/
cmr/m/n/10 )] =
 []

<fig54.png, id=897, 644.4075pt x 291.33844pt>
File: fig54.png Graphic file (type png)
<use fig54.png>
Package pdftex.def Info: fig54.png  used on input line 3728.
(pdftex.def)             Requested size: 290.22107pt x 131.21222pt.


[59 <./fig52.png> <./fig53.png> <./fig54.png>]
<fig55.png, id=910, 244.66406pt x 155.83218pt>
File: fig55.png Graphic file (type png)
<use fig55.png>
Package pdftex.def Info: fig55.png  used on input line 3806.
(pdftex.def)             Requested size: 193.47578pt x 123.23209pt.


[60 <./fig55.png>]

[61]

[62]
<fig56.png, id=953, 502.87875pt x 210.7875pt>
File: fig56.png Graphic file (type png)
<use fig56.png>
Package pdftex.def Info: fig56.png  used on input line 3964.
(pdftex.def)             Requested size: 241.84843pt x 101.37305pt.


[63 <./fig56.png>]
<fig57.png, id=969, 1061.9675pt x 343.2825pt>
File: fig57.png Graphic file (type png)
<use fig57.png>
Package pdftex.def Info: fig57.png  used on input line 4096.
(pdftex.def)             Requested size: 290.22107pt x 93.81369pt.
<fig58.png, id=970, 1421.31pt x 415.5525pt>
File: fig58.png Graphic file (type png)
<use fig58.png>
Package pdftex.def Info: fig58.png  used on input line 4107.
(pdftex.def)             Requested size: 411.14528pt x 120.20912pt.


[64 <./fig57.png (PNG copy)> <./fig58.png (PNG copy)>]
<fig59.png, id=984, 1501.61pt x 971.63pt>
File: fig59.png Graphic file (type png)
<use fig59.png>
Package pdftex.def Info: fig59.png  used on input line 4117.
(pdftex.def)             Requested size: 435.32422pt x 281.67653pt.
<fig60.png, id=985, 485.815pt x 601.24625pt>
File: fig60.png Graphic file (type png)
<use fig60.png>
Package pdftex.def Info: fig60.png  used on input line 4142.
(pdftex.def)             Requested size: 120.92421pt x 149.65063pt.


[65 <./fig59.png (PNG copy)> <./fig60.png (PNG copy)>]

[66]
<fig61.png, id=1013, 1096.095pt x 660.4675pt>
File: fig61.png Graphic file (type png)
<use fig61.png>
Package pdftex.def Info: fig61.png  used on input line 4243.
(pdftex.def)             Requested size: 290.22107pt x 174.87187pt.


[67 <./fig61.png (PNG copy)>]

[68]

[69] (./main.aux)
 ***********
LaTeX2e <2024-11-01> patch level 2
L3 programming layer <2025-03-26>
 ***********
Package rerunfilecheck Info: File `main.out' has not changed.
(rerunfilecheck)             Checksum: C432B74108627A02AF24BC7AAF38D449;768.
 ) 
Here is how much of TeX's memory you used:
 16149 strings out of 469626
 251478 string characters out of 5475183
 666206 words of memory out of 5000000
 42040 multiletter control sequences out of 15000+600000
 640134 words of font info for 96 fonts, out of 8000000 for 9000
 1141 hyphenation exceptions out of 8191
 75i,21n,79p,660b,475s stack positions out of 10000i,1000n,20000p,200000b,200000s
<c:/texlive/2025/texmf-dist/fonts/type1/public/bbold-type1/bbold10.pfb><c:/te
xlive/2025/texmf-dist/fonts/type1/public/amsfonts/cm/cmbx10.pfb><c:/texlive/202
5/texmf-dist/fonts/type1/public/amsfonts/cm/cmbx12.pfb><c:/texlive/2025/texmf-d
ist/fonts/type1/public/amsfonts/cm/cmbx9.pfb><c:/texlive/2025/texmf-dist/fonts/
type1/public/amsfonts/cm/cmcsc10.pfb><c:/texlive/2025/texmf-dist/fonts/type1/pu
blic/amsfonts/cm/cmex10.pfb><c:/texlive/2025/texmf-dist/fonts/type1/public/amsf
onts/cm/cmmi10.pfb><c:/texlive/2025/texmf-dist/fonts/type1/public/amsfonts/cm/c
mmi5.pfb><c:/texlive/2025/texmf-dist/fonts/type1/public/amsfonts/cm/cmmi7.pfb><
c:/texlive/2025/texmf-dist/fonts/type1/public/amsfonts/cm/cmr10.pfb><c:/texlive
/2025/texmf-dist/fonts/type1/public/amsfonts/cm/cmr12.pfb><c:/texlive/2025/texm
f-dist/fonts/type1/public/amsfonts/cm/cmr5.pfb><c:/texlive/2025/texmf-dist/font
s/type1/public/amsfonts/cm/cmr7.pfb><c:/texlive/2025/texmf-dist/fonts/type1/pub
lic/amsfonts/cm/cmr8.pfb><c:/texlive/2025/texmf-dist/fonts/type1/public/amsfont
s/cm/cmr9.pfb><c:/texlive/2025/texmf-dist/fonts/type1/public/amsfonts/cm/cmss10
.pfb><c:/texlive/2025/texmf-dist/fonts/type1/public/amsfonts/cm/cmss17.pfb><c:/
texlive/2025/texmf-dist/fonts/type1/public/amsfonts/cm/cmsy10.pfb><c:/texlive/2
025/texmf-dist/fonts/type1/public/amsfonts/cm/cmsy5.pfb><c:/texlive/2025/texmf-
dist/fonts/type1/public/amsfonts/cm/cmsy7.pfb><c:/texlive/2025/texmf-dist/fonts
/type1/public/amsfonts/cm/cmti10.pfb><c:/texlive/2025/texmf-dist/fonts/type1/pu
blic/amsfonts/cm/cmti12.pfb><c:/texlive/2025/texmf-dist/fonts/type1/public/doub
lestroke/dsrom10.pfb><c:/texlive/2025/texmf-dist/fonts/type1/public/esint-type1
/esint10.pfb><c:/texlive/2025/texmf-dist/fonts/type1/public/amsfonts/latxfont/l
ine10.pfb><c:/texlive/2025/texmf-dist/fonts/type1/public/amsfonts/symbols/msbm1
0.pfb><c:/texlive/2025/texmf-dist/fonts/type1/public/cm-super/sfrm0600.pfb><c:/
texlive/2025/texmf-dist/fonts/type1/public/cm-super/sfrm0800.pfb><c:/texlive/20
25/texmf-dist/fonts/type1/public/cm-super/sfrm1000.pfb>
Output written on main.pdf (69 pages, 5842943 bytes).
PDF statistics:
 1322 PDF objects out of 1440 (max. 8388607)
 1081 compressed objects within 11 object streams
 674 named destinations out of 1000 (max. 500000)
 365 words of extra memory for PDF output out of 10000 (max. 10000000)

